[2026-02-08 16:31:06] ACTION: DEPOSIT    | ACC: 33e827f4 | AMT: $25.00
[2026-02-08 16:31:21] ACTION: WITHDRAWAL | ACC: 33e827f4 | AMT: $24.00
[2026-02-08 16:38:58] SYSTEM: Account 33e827f4 successfully logged in.
[2026-02-08 16:39:27] ACTION: WITHDRAWAL | ACC: 33e827f4 | AMT: $1,000.00
[2026-02-08 16:40:02] SYSTEM: Account 33e827f4 successfully logged in.
[2026-02-08 16:51:26] SYSTEM: Account 33e827f4 successfully logged in.
[2026-02-08 16:53:29] SYSTEM: Account 33e827f4 successfully logged in.
[2026-02-08 16:54:10] SYSTEM: Account 3037f0a7 successfully logged in.
[2026-02-08 16:56:50] SYSTEM: Account 3037f0a7 successfully logged in.
[2026-02-08 16:57:20] SYSTEM: Account 3037f0a7 successfully logged in.
[2026-02-08 16:59:27] SYSTEM: Account 3037f0a7 successfully logged in.
[2026-02-08 17:01:00] SYSTEM: Account 3037f0a7 successfully logged in.
[2026-02-08 17:01:34] SYSTEM: Account 3037f0a7 successfully logged in.
[2026-02-08 17:01:50] ACTION: TRANSFER   | ACC: 3037f0a7 to 33e827f4 | AMT: $500.00
[2026-02-08 17:05:31] SYSTEM: Account 33e827f4 successfully logged in.
[2026-02-08 17:43:01] ACTION: INTEREST   | ACC: b65b40e0 | AMT: $5,001.00
[2026-02-08 17:43:39] SYSTEM: Account b65b40e0 successfully logged in.
[2026-02-08 17:44:03] ACTION: INTEREST   | ACC: b65b40e0 | AMT: $25,005.00
[2026-02-08 17:44:29] ACTION: WITHDRAWAL | ACC: b65b40e0 | AMT: $1,000.00
[2026-02-08 17:44:52] ACTION: WITHDRAWAL | ACC: b65b40e0 | AMT: $10,000.00
[2026-02-08 17:45:02] ACTION: WITHDRAWAL | ACC: b65b40e0 | AMT: $1,000.00
[2026-02-08 17:45:05] ACTION: WITHDRAWAL | ACC: b65b40e0 | AMT: $1,000.00
[2026-02-08 17:45:09] ACTION: WITHDRAWAL | ACC: b65b40e0 | AMT: $1,000.00
[2026-02-08 17:45:12] ACTION: WITHDRAWAL | ACC: b65b40e0 | AMT: $100.00
[2026-02-08 17:45:16] ACTION: WITHDRAWAL | ACC: b65b40e0 | AMT: $1,000.00
[2026-02-08 17:45:26] ACTION: WITHDRAWAL | ACC: b65b40e0 | AMT: $10.00
[2026-02-08 17:45:29] ACTION: WITHDRAWAL | ACC: b65b40e0 | AMT: $10.00
[2026-02-08 17:45:36] ACTION: WITHDRAWAL | ACC: b65b40e0 | AMT: $10.00
[2026-02-08 17:45:44] ACTION: WITHDRAWAL | ACC: b65b40e0 | AMT: $10.00
[2026-02-08 17:45:59] ACTION: WITHDRAWAL | ACC: b65b40e0 | AMT: $10,000.00
[2026-02-08 17:46:30] ACTION: WITHDRAWAL | ACC: b65b40e0 | AMT: $9,867.00
[2026-02-08 17:48:06] SYSTEM: Account b65b40e0 successfully logged in.
[2026-02-08 17:48:19] ACTION: DEPOSIT    | ACC: b65b40e0 | AMT: $1,000.00
[2026-02-08 17:48:47] ACTION: WITHDRAWAL | ACC: b65b40e0 | AMT: $1,000.00
[2026-02-08 17:54:16] SYSTEM: Account b65b40e0 successfully logged in.
